2023/05/06 19:23:07.508 => CloseSerial: mSerialFile=0xffffffff
2023/05/06 19:23:07.508 => Prepare Open Serial: Com=\\.\COM41 BaudRate=115200
2023/05/06 19:23:07.508 => OpenSerial: Com=\\.\COM41 BaudRate=115200, Success=1, mSerialFile=0x000005f0
2023/05/06 19:23:07.518 => protocol version = 2, send_recv buffer size = 32
2023/05/06 19:23:07.682 => protocol version = 2, send_recv buffer size = 32
2023/05/06 19:23:07.692 => GetVersion Return: v1.5.4_0.0
2023/05/06 19:23:07.782 => ReadSetting_RadarOperatorConfig, result: Success
2023/05/06 19:23:08.717 => Start Realtime data show.
2023/05/06 19:23:08.717 => thread create success, thread handle=0x00000624, id=18492, name=ReadData
2023/05/06 19:23:08.726 => thread information, name=ReadData, tid=18492(0x0000483c)
2023/05/06 19:23:08.726 => CRadarProtocolDevice::OpenCmdMode: CMDID(0x00FF) failed with:A002
2023/05/06 19:23:08.877 => protocol version = 2, send_recv buffer size = 32
2023/05/06 21:57:32.125 => prepare exit thread..., name=ReadData, tid=18492(0x0000483c)
2023/05/06 21:57:32.125 => thread exit, name=ReadData, tid=18492(0x0000483c)
2023/05/06 21:57:32.126 => thread exit over, name=ReadData, tid=18492(0x0000483c)
2023/05/06 21:57:32.126 => Stop Realtime data show.
2023/05/06 21:57:32.126 => Stop Realtime data show.
2023/05/06 21:57:32.128 => Stop Noise scan.
2023/05/06 21:57:32.130 => Cancel Read Data
2023/05/06 21:57:32.130 => CloseSerial: mSerialFile=0xffffffff
2023/05/06 21:57:32.130 => Cancel Read Data
2023/05/06 21:57:32.130 => CloseSerial: mSerialFile=0xffffffff
2023/05/06 21:57:32.130 => CloseSerial: mSerialFile=0xffffffff
