2023/07/19 10:40:59.485 => CloseSerial: mSerialFile=0xffffffff
2023/07/19 10:40:59.485 => Prepare Open Serial: Com=\\.\COM6 BaudRate=115200
2023/07/19 10:40:59.485 => Open \\.\COM6 failed:5
2023/07/19 10:40:59.485 => OpenSerial: Com=\\.\COM6 BaudRate=115200, Success=0, mSerialFile=0xffffffff
2023/07/19 10:40:59.485 => CloseSerial: mSerialFile=0xffffffff
2023/07/19 10:41:01.396 => CloseSerial: mSerialFile=0xffffffff
2023/07/19 10:41:01.396 => Prepare Open Serial: Com=\\.\COM6 BaudRate=115200
2023/07/19 10:41:01.396 => Open \\.\COM6 failed:5
2023/07/19 10:41:01.396 => OpenSerial: Com=\\.\COM6 BaudRate=115200, Success=0, mSerialFile=0xffffffff
2023/07/19 10:41:01.396 => CloseSerial: mSerialFile=0xffffffff
2023/07/19 10:41:03.218 => CloseSerial: mSerialFile=0xffffffff
2023/07/19 10:41:03.219 => Prepare Open Serial: Com=\\.\COM6 BaudRate=115200
2023/07/19 10:41:03.219 => Open \\.\COM6 failed:5
2023/07/19 10:41:03.219 => OpenSerial: Com=\\.\COM6 BaudRate=115200, Success=0, mSerialFile=0xffffffff
2023/07/19 10:41:03.219 => CloseSerial: mSerialFile=0xffffffff
2023/07/19 10:41:06.857 => CloseSerial: mSerialFile=0xffffffff
2023/07/19 10:41:06.857 => Prepare Open Serial: Com=\\.\COM6 BaudRate=115200
2023/07/19 10:41:06.857 => Open \\.\COM6 failed:5
2023/07/19 10:41:06.857 => OpenSerial: Com=\\.\COM6 BaudRate=115200, Success=0, mSerialFile=0xffffffff
2023/07/19 10:41:06.857 => CloseSerial: mSerialFile=0xffffffff
2023/07/19 10:41:47.895 => CloseSerial: mSerialFile=0xffffffff
2023/07/19 10:41:47.895 => Prepare Open Serial: Com=\\.\COM6 BaudRate=115200
2023/07/19 10:41:47.896 => Open \\.\COM6 failed:5
2023/07/19 10:41:47.896 => OpenSerial: Com=\\.\COM6 BaudRate=115200, Success=0, mSerialFile=0xffffffff
2023/07/19 10:41:47.896 => CloseSerial: mSerialFile=0xffffffff
2023/07/19 10:41:49.833 => CloseSerial: mSerialFile=0xffffffff
2023/07/19 10:41:49.834 => Prepare Open Serial: Com=\\.\COM6 BaudRate=115200
2023/07/19 10:41:49.834 => Open \\.\COM6 failed:5
2023/07/19 10:41:49.834 => OpenSerial: Com=\\.\COM6 BaudRate=115200, Success=0, mSerialFile=0xffffffff
2023/07/19 10:41:49.834 => CloseSerial: mSerialFile=0xffffffff
2023/07/19 10:41:57.928 => CloseSerial: mSerialFile=0xffffffff
2023/07/19 10:41:57.928 => Prepare Open Serial: Com=\\.\COM6 BaudRate=115200
2023/07/19 10:41:57.928 => Open \\.\COM6 failed:5
2023/07/19 10:41:57.928 => OpenSerial: Com=\\.\COM6 BaudRate=115200, Success=0, mSerialFile=0xffffffff
2023/07/19 10:41:57.928 => CloseSerial: mSerialFile=0xffffffff
2023/07/19 10:41:59.822 => CloseSerial: mSerialFile=0xffffffff
2023/07/19 10:41:59.822 => Prepare Open Serial: Com=\\.\COM6 BaudRate=115200
2023/07/19 10:41:59.822 => Open \\.\COM6 failed:5
2023/07/19 10:41:59.822 => OpenSerial: Com=\\.\COM6 BaudRate=115200, Success=0, mSerialFile=0xffffffff
2023/07/19 10:41:59.822 => CloseSerial: mSerialFile=0xffffffff
2023/07/19 10:42:03.231 => CloseSerial: mSerialFile=0xffffffff
2023/07/19 10:42:03.231 => Prepare Open Serial: Com=\\.\COM1 BaudRate=115200
2023/07/19 10:42:03.231 => OpenSerial: Com=\\.\COM1 BaudRate=115200, Success=1, mSerialFile=0x000004c4
2023/07/19 10:42:05.240 => CRadarProtocolDevice::OpenCmdMode: CMDID(0x00FF) failed with:A001
2023/07/19 10:42:07.406 => CRadarProtocolDevice::OpenCmdMode: CMDID(0x00FF) failed with:A001
2023/07/19 10:42:09.408 => CRadarProtocolDevice::OpenCmdMode: CMDID(0x00FF) failed with:A001
2023/07/19 10:42:11.416 => CRadarProtocolDevice::OpenCmdMode: CMDID(0x00FF) failed with:A001
2023/07/19 10:42:13.426 => CRadarProtocolDevice::OpenCmdMode: CMDID(0x00FF) failed with:A001
2023/07/19 10:42:13.426 => Cancel Read Data
2023/07/19 10:42:13.426 => CloseSerial: mSerialFile=0x000004c4
2023/07/19 10:45:07.361 => Stop Realtime data show.
2023/07/19 10:45:07.363 => Stop Noise scan.
2023/07/19 10:45:07.366 => Cancel Read Data
2023/07/19 10:45:07.366 => CloseSerial: mSerialFile=0xffffffff
2023/07/19 10:45:07.366 => Cancel Read Data
2023/07/19 10:45:07.367 => CloseSerial: mSerialFile=0xffffffff
2023/07/19 10:45:07.367 => CloseSerial: mSerialFile=0xffffffff
