2023/07/19 10:23:33.347 => CloseSerial: mSerialFile=0xffffffff
2023/07/19 10:23:33.347 => Prepare Open Serial: Com=\\.\COM6 BaudRate=115200
2023/07/19 10:23:33.347 => Open \\.\COM6 failed:5
2023/07/19 10:23:33.347 => OpenSerial: Com=\\.\COM6 BaudRate=115200, Success=0, mSerialFile=0xffffffff
2023/07/19 10:23:33.347 => CloseSerial: mSerialFile=0xffffffff
2023/07/19 10:23:36.974 => CloseSerial: mSerialFile=0xffffffff
2023/07/19 10:23:36.974 => Prepare Open Serial: Com=\\.\COM6 BaudRate=115200
2023/07/19 10:23:36.974 => Open \\.\COM6 failed:5
2023/07/19 10:23:36.974 => OpenSerial: Com=\\.\COM6 BaudRate=115200, Success=0, mSerialFile=0xffffffff
2023/07/19 10:23:36.974 => CloseSerial: mSerialFile=0xffffffff
2023/07/19 10:23:53.043 => CloseSerial: mSerialFile=0xffffffff
2023/07/19 10:23:53.043 => Prepare Open Serial: Com=\\.\COM6 BaudRate=115200
2023/07/19 10:23:53.043 => Open \\.\COM6 failed:2
2023/07/19 10:23:53.043 => OpenSerial: Com=\\.\COM6 BaudRate=115200, Success=0, mSerialFile=0xffffffff
2023/07/19 10:23:53.043 => CloseSerial: mSerialFile=0xffffffff
2023/07/19 10:23:54.858 => CloseSerial: mSerialFile=0xffffffff
2023/07/19 10:23:54.858 => Prepare Open Serial: Com=\\.\COM6 BaudRate=115200
2023/07/19 10:23:54.861 => OpenSerial: Com=\\.\COM6 BaudRate=115200, Success=1, mSerialFile=0x00000a18
2023/07/19 10:23:56.872 => CRadarProtocolDevice::OpenCmdMode: CMDID(0x00FF) failed with:A001
2023/07/19 10:23:59.028 => CRadarProtocolDevice::OpenCmdMode: CMDID(0x00FF) failed with:A001
2023/07/19 10:24:01.043 => CRadarProtocolDevice::OpenCmdMode: CMDID(0x00FF) failed with:A001
2023/07/19 10:24:03.052 => CRadarProtocolDevice::OpenCmdMode: CMDID(0x00FF) failed with:A001
2023/07/19 10:24:05.055 => CRadarProtocolDevice::OpenCmdMode: CMDID(0x00FF) failed with:A001
2023/07/19 10:24:05.055 => Cancel Read Data
2023/07/19 10:24:05.055 => CloseSerial: mSerialFile=0x00000a18
2023/07/19 10:24:07.207 => CloseSerial: mSerialFile=0xffffffff
2023/07/19 10:24:07.207 => Prepare Open Serial: Com=\\.\COM6 BaudRate=115200
2023/07/19 10:24:07.208 => OpenSerial: Com=\\.\COM6 BaudRate=115200, Success=1, mSerialFile=0x00000a2c
2023/07/19 10:24:09.214 => CRadarProtocolDevice::OpenCmdMode: CMDID(0x00FF) failed with:A001
2023/07/19 10:24:11.378 => CRadarProtocolDevice::OpenCmdMode: CMDID(0x00FF) failed with:A001
2023/07/19 10:24:13.389 => CRadarProtocolDevice::OpenCmdMode: CMDID(0x00FF) failed with:A001
2023/07/19 10:24:15.398 => CRadarProtocolDevice::OpenCmdMode: CMDID(0x00FF) failed with:A001
2023/07/19 10:24:17.401 => CRadarProtocolDevice::OpenCmdMode: CMDID(0x00FF) failed with:A001
2023/07/19 10:24:17.401 => Cancel Read Data
2023/07/19 10:24:17.401 => CloseSerial: mSerialFile=0x00000a2c
2023/07/19 10:24:23.492 => CloseSerial: mSerialFile=0xffffffff
2023/07/19 10:24:23.492 => Prepare Open Serial: Com=\\.\COM1 BaudRate=115200
2023/07/19 10:24:23.492 => OpenSerial: Com=\\.\COM1 BaudRate=115200, Success=1, mSerialFile=0x00000a34
2023/07/19 10:24:25.497 => CRadarProtocolDevice::OpenCmdMode: CMDID(0x00FF) failed with:A001
2023/07/19 10:24:27.652 => CRadarProtocolDevice::OpenCmdMode: CMDID(0x00FF) failed with:A001
2023/07/19 10:24:29.662 => CRadarProtocolDevice::OpenCmdMode: CMDID(0x00FF) failed with:A001
2023/07/19 10:24:31.666 => CRadarProtocolDevice::OpenCmdMode: CMDID(0x00FF) failed with:A001
2023/07/19 10:24:33.672 => CRadarProtocolDevice::OpenCmdMode: CMDID(0x00FF) failed with:A001
2023/07/19 10:24:33.672 => Cancel Read Data
2023/07/19 10:24:33.672 => CloseSerial: mSerialFile=0x00000a34
2023/07/19 10:24:44.530 => CloseSerial: mSerialFile=0xffffffff
2023/07/19 10:24:44.530 => Prepare Open Serial: Com=\\.\COM6 BaudRate=115200
2023/07/19 10:24:44.531 => OpenSerial: Com=\\.\COM6 BaudRate=115200, Success=1, mSerialFile=0x00000a44
2023/07/19 10:24:46.547 => CRadarProtocolDevice::OpenCmdMode: CMDID(0x00FF) failed with:A001
2023/07/19 10:24:46.548 => Cancel Read Data
2023/07/19 10:24:46.548 => CloseSerial: mSerialFile=0xffffffff
2023/07/19 10:25:01.522 => CloseSerial: mSerialFile=0xffffffff
2023/07/19 10:25:01.522 => Prepare Open Serial: Com=\\.\COM6 BaudRate=115200
2023/07/19 10:25:01.524 => OpenSerial: Com=\\.\COM6 BaudRate=115200, Success=1, mSerialFile=0x00000a08
2023/07/19 10:25:03.528 => CRadarProtocolDevice::OpenCmdMode: CMDID(0x00FF) failed with:A001
2023/07/19 10:25:03.528 => Cancel Read Data
2023/07/19 10:25:03.528 => CloseSerial: mSerialFile=0xffffffff
2023/07/19 10:25:06.009 => CloseSerial: mSerialFile=0xffffffff
2023/07/19 10:25:06.009 => Prepare Open Serial: Com=\\.\COM6 BaudRate=115200
2023/07/19 10:25:06.011 => OpenSerial: Com=\\.\COM6 BaudRate=115200, Success=1, mSerialFile=0x00000a50
2023/07/19 10:25:08.016 => CRadarProtocolDevice::OpenCmdMode: CMDID(0x00FF) failed with:A001
2023/07/19 10:25:08.016 => Cancel Read Data
2023/07/19 10:25:08.016 => CloseSerial: mSerialFile=0xffffffff
2023/07/19 10:27:45.880 => CloseSerial: mSerialFile=0xffffffff
2023/07/19 10:27:45.880 => Prepare Open Serial: Com=\\.\COM6 BaudRate=115200
2023/07/19 10:27:45.882 => OpenSerial: Com=\\.\COM6 BaudRate=115200, Success=1, mSerialFile=0x00000a58
2023/07/19 10:27:47.887 => CRadarProtocolDevice::OpenCmdMode: CMDID(0x00FF) failed with:A001
2023/07/19 10:27:47.887 => Cancel Read Data
2023/07/19 10:27:47.887 => CloseSerial: mSerialFile=0xffffffff
2023/07/19 10:27:55.140 => Stop Realtime data show.
2023/07/19 10:28:40.486 => Stop Realtime data show.
2023/07/19 10:28:40.487 => Stop Realtime data show.
2023/07/19 10:28:40.488 => Stop Noise scan.
2023/07/19 10:28:40.491 => Cancel Read Data
2023/07/19 10:28:40.491 => CloseSerial: mSerialFile=0xffffffff
2023/07/19 10:28:40.491 => Cancel Read Data
2023/07/19 10:28:40.491 => CloseSerial: mSerialFile=0xffffffff
2023/07/19 10:28:40.491 => CloseSerial: mSerialFile=0xffffffff
