2023/07/19 10:29:11.861 => CloseSerial: mSerialFile=0xffffffff
2023/07/19 10:29:11.861 => Prepare Open Serial: Com=\\.\COM6 BaudRate=115200
2023/07/19 10:29:11.862 => OpenSerial: Com=\\.\COM6 BaudRate=115200, Success=1, mSerialFile=0x00000840
2023/07/19 10:29:13.872 => CRadarProtocolDevice::OpenCmdMode: CMDID(0x00FF) failed with:A001
2023/07/19 10:29:16.042 => CRadarProtocolDevice::OpenCmdMode: CMDID(0x00FF) failed with:A001
2023/07/19 10:29:18.048 => CRadarProtocolDevice::OpenCmdMode: CMDID(0x00FF) failed with:A001
2023/07/19 10:29:20.053 => CRadarProtocolDevice::OpenCmdMode: CMDID(0x00FF) failed with:A001
2023/07/19 10:29:22.066 => CRadarProtocolDevice::OpenCmdMode: CMDID(0x00FF) failed with:A001
2023/07/19 10:29:22.066 => Cancel Read Data
2023/07/19 10:29:22.066 => CloseSerial: mSerialFile=0x00000840
2023/07/19 10:29:24.309 => CloseSerial: mSerialFile=0xffffffff
2023/07/19 10:29:24.309 => Prepare Open Serial: Com=\\.\COM6 BaudRate=115200
2023/07/19 10:29:24.311 => OpenSerial: Com=\\.\COM6 BaudRate=115200, Success=1, mSerialFile=0x00000848
2023/07/19 10:29:26.317 => CRadarProtocolDevice::OpenCmdMode: CMDID(0x00FF) failed with:A001
2023/07/19 10:29:28.481 => CRadarProtocolDevice::OpenCmdMode: CMDID(0x00FF) failed with:A001
2023/07/19 10:29:30.492 => CRadarProtocolDevice::OpenCmdMode: CMDID(0x00FF) failed with:A001
2023/07/19 10:29:32.507 => CRadarProtocolDevice::OpenCmdMode: CMDID(0x00FF) failed with:A001
2023/07/19 10:29:34.514 => CRadarProtocolDevice::OpenCmdMode: CMDID(0x00FF) failed with:A001
2023/07/19 10:29:34.514 => Cancel Read Data
2023/07/19 10:29:34.514 => CloseSerial: mSerialFile=0x00000848
2023/07/19 10:31:13.103 => CloseSerial: mSerialFile=0xffffffff
2023/07/19 10:31:13.103 => Prepare Open Serial: Com=\\.\COM6 BaudRate=115200
2023/07/19 10:31:13.105 => OpenSerial: Com=\\.\COM6 BaudRate=115200, Success=1, mSerialFile=0x00000868
2023/07/19 10:31:15.119 => CRadarProtocolDevice::OpenCmdMode: CMDID(0x00FF) failed with:A001
2023/07/19 10:31:17.283 => CRadarProtocolDevice::OpenCmdMode: CMDID(0x00FF) failed with:A001
2023/07/19 10:31:19.297 => CRadarProtocolDevice::OpenCmdMode: CMDID(0x00FF) failed with:A001
2023/07/19 10:31:21.303 => CRadarProtocolDevice::OpenCmdMode: CMDID(0x00FF) failed with:A001
2023/07/19 10:31:23.318 => CRadarProtocolDevice::OpenCmdMode: CMDID(0x00FF) failed with:A001
2023/07/19 10:31:23.318 => Cancel Read Data
2023/07/19 10:31:23.318 => CloseSerial: mSerialFile=0x00000868
2023/07/19 10:34:33.851 => Stop Realtime data show.
2023/07/19 10:34:33.865 => Stop Noise scan.
2023/07/19 10:34:33.869 => Cancel Read Data
2023/07/19 10:34:33.869 => CloseSerial: mSerialFile=0xffffffff
2023/07/19 10:34:33.869 => Cancel Read Data
2023/07/19 10:34:33.869 => CloseSerial: mSerialFile=0xffffffff
2023/07/19 10:34:33.869 => CloseSerial: mSerialFile=0xffffffff
